ARM GAS  C:\Users\LENOVO\AppData\Local\Temp\ccqVdTaV.s 			page 1


   1              		.syntax unified
   2              		.cpu cortex-m3
   3              		.fpu softvfp
   4              		.eabi_attribute 20, 1
   5              		.eabi_attribute 21, 1
   6              		.eabi_attribute 23, 3
   7              		.eabi_attribute 24, 1
   8              		.eabi_attribute 25, 1
   9              		.eabi_attribute 26, 1
  10              		.eabi_attribute 30, 1
  11              		.eabi_attribute 34, 1
  12              		.eabi_attribute 18, 4
  13              		.thumb
  14              		.file	"cymetadata.c"
  15              		.text
  16              	.Ltext0:
  17              		.cfi_sections	.debug_frame
  18              		.global	cy_metadata
  19              		.global	cy_meta_flashprotect
  20              		.global	cy_meta_wonvl
  21              		.global	cy_meta_custnvl
  22              		.global	cy_meta_configecc
  23              		.section	.cyconfigecc,"a",%progbits
  24              		.align	2
  25              		.type	cy_meta_configecc, %object
  26              		.size	cy_meta_configecc, 276
  27              	cy_meta_configecc:
  28 0000 02       		.byte	2
  29 0001 52       		.byte	82
  30 0002 00       		.byte	0
  31 0003 40       		.byte	64
  32 0004 01       		.byte	1
  33 0005 64       		.byte	100
  34 0006 00       		.byte	0
  35 0007 40       		.byte	64
  36 0008 41       		.byte	65
  37 0009 02       		.byte	2
  38 000a 01       		.byte	1
  39 000b 40       		.byte	64
  40 000c 1F       		.byte	31
  41 000d 03       		.byte	3
  42 000e 01       		.byte	1
  43 000f 40       		.byte	64
  44 0010 02       		.byte	2
  45 0011 05       		.byte	5
  46 0012 01       		.byte	1
  47 0013 40       		.byte	64
  48 0014 05       		.byte	5
  49 0015 41       		.byte	65
  50 0016 01       		.byte	1
  51 0017 40       		.byte	64
  52 0018 01       		.byte	1
  53 0019 42       		.byte	66
  54 001a 01       		.byte	1
  55 001b 40       		.byte	64
  56 001c 02       		.byte	2
  57 001d 50       		.byte	80
ARM GAS  C:\Users\LENOVO\AppData\Local\Temp\ccqVdTaV.s 			page 2


  58 001e 01       		.byte	1
  59 001f 40       		.byte	64
  60 0020 00       		.byte	0
  61 0021 03       		.byte	3
  62 0022 01       		.byte	1
  63 0023 01       		.byte	1
  64 0024 83       		.byte	-125
  65 0025 0F       		.byte	15
  66 0026 40       		.byte	64
  67 0027 60       		.byte	96
  68 0028 41       		.byte	65
  69 0029 05       		.byte	5
  70 002a 49       		.byte	73
  71 002b FF       		.byte	-1
  72 002c 4A       		.byte	74
  73 002d FF       		.byte	-1
  74 002e 4B       		.byte	75
  75 002f FF       		.byte	-1
  76 0030 4D       		.byte	77
  77 0031 A0       		.byte	-96
  78 0032 4F       		.byte	79
  79 0033 04       		.byte	4
  80 0034 50       		.byte	80
  81 0035 18       		.byte	24
  82 0036 5A       		.byte	90
  83 0037 04       		.byte	4
  84 0038 5F       		.byte	95
  85 0039 01       		.byte	1
  86 003a 60       		.byte	96
  87 003b 40       		.byte	64
  88 003c 62       		.byte	98
  89 003d C0       		.byte	-64
  90 003e 64       		.byte	100
  91 003f 40       		.byte	64
  92 0040 65       		.byte	101
  93 0041 40       		.byte	64
  94 0042 66       		.byte	102
  95 0043 C0       		.byte	-64
  96 0044 68       		.byte	104
  97 0045 C0       		.byte	-64
  98 0046 6A       		.byte	106
  99 0047 C0       		.byte	-64
 100 0048 6C       		.byte	108
 101 0049 C0       		.byte	-64
 102 004a 6E       		.byte	110
 103 004b C0       		.byte	-64
 104 004c 89       		.byte	-119
 105 004d 02       		.byte	2
 106 004e 8D       		.byte	-115
 107 004f 08       		.byte	8
 108 0050 8E       		.byte	-114
 109 0051 02       		.byte	2
 110 0052 92       		.byte	-110
 111 0053 01       		.byte	1
 112 0054 97       		.byte	-105
 113 0055 03       		.byte	3
 114 0056 9A       		.byte	-102
ARM GAS  C:\Users\LENOVO\AppData\Local\Temp\ccqVdTaV.s 			page 3


 115 0057 0E       		.byte	14
 116 0058 9B       		.byte	-101
 117 0059 0C       		.byte	12
 118 005a A6       		.byte	-90
 119 005b 04       		.byte	4
 120 005c AA       		.byte	-86
 121 005d 08       		.byte	8
 122 005e B0       		.byte	-80
 123 005f 04       		.byte	4
 124 0060 B1       		.byte	-79
 125 0061 04       		.byte	4
 126 0062 B2       		.byte	-78
 127 0063 02       		.byte	2
 128 0064 B3       		.byte	-77
 129 0065 01       		.byte	1
 130 0066 B4       		.byte	-76
 131 0067 01       		.byte	1
 132 0068 B5       		.byte	-75
 133 0069 08       		.byte	8
 134 006a B6       		.byte	-74
 135 006b 08       		.byte	8
 136 006c B7       		.byte	-73
 137 006d 02       		.byte	2
 138 006e BE       		.byte	-66
 139 006f 04       		.byte	4
 140 0070 C0       		.byte	-64
 141 0071 20       		.byte	32
 142 0072 C1       		.byte	-63
 143 0073 05       		.byte	5
 144 0074 C5       		.byte	-59
 145 0075 D5       		.byte	-43
 146 0076 C7       		.byte	-57
 147 0077 21       		.byte	33
 148 0078 C8       		.byte	-56
 149 0079 33       		.byte	51
 150 007a C9       		.byte	-55
 151 007b FF       		.byte	-1
 152 007c CA       		.byte	-54
 153 007d FF       		.byte	-1
 154 007e CB       		.byte	-53
 155 007f FF       		.byte	-1
 156 0080 CD       		.byte	-51
 157 0081 AF       		.byte	-81
 158 0082 CE       		.byte	-50
 159 0083 0F       		.byte	15
 160 0084 CF       		.byte	-49
 161 0085 04       		.byte	4
 162 0086 D0       		.byte	-48
 163 0087 18       		.byte	24
 164 0088 D2       		.byte	-46
 165 0089 80       		.byte	-128
 166 008a D4       		.byte	-44
 167 008b 07       		.byte	7
 168 008c D8       		.byte	-40
 169 008d 04       		.byte	4
 170 008e D9       		.byte	-39
 171 008f 04       		.byte	4
ARM GAS  C:\Users\LENOVO\AppData\Local\Temp\ccqVdTaV.s 			page 4


 172 0090 DA       		.byte	-38
 173 0091 04       		.byte	4
 174 0092 DB       		.byte	-37
 175 0093 04       		.byte	4
 176 0094 DF       		.byte	-33
 177 0095 01       		.byte	1
 178 0096 E0       		.byte	-32
 179 0097 40       		.byte	64
 180 0098 E2       		.byte	-30
 181 0099 C0       		.byte	-64
 182 009a E4       		.byte	-28
 183 009b 40       		.byte	64
 184 009c E5       		.byte	-27
 185 009d 40       		.byte	64
 186 009e E6       		.byte	-26
 187 009f C0       		.byte	-64
 188 00a0 E8       		.byte	-24
 189 00a1 C0       		.byte	-64
 190 00a2 EA       		.byte	-22
 191 00a3 C0       		.byte	-64
 192 00a4 EC       		.byte	-20
 193 00a5 C0       		.byte	-64
 194 00a6 EE       		.byte	-18
 195 00a7 C0       		.byte	-64
 196 00a8 02       		.byte	2
 197 00a9 02       		.byte	2
 198 00aa 0A       		.byte	10
 199 00ab 44       		.byte	68
 200 00ac 10       		.byte	16
 201 00ad 28       		.byte	40
 202 00ae 19       		.byte	25
 203 00af 44       		.byte	68
 204 00b0 1A       		.byte	26
 205 00b1 04       		.byte	4
 206 00b2 1B       		.byte	27
 207 00b3 12       		.byte	18
 208 00b4 20       		.byte	32
 209 00b5 50       		.byte	80
 210 00b6 22       		.byte	34
 211 00b7 50       		.byte	80
 212 00b8 30       		.byte	48
 213 00b9 28       		.byte	40
 214 00ba 38       		.byte	56
 215 00bb 50       		.byte	80
 216 00bc 42       		.byte	66
 217 00bd 04       		.byte	4
 218 00be 48       		.byte	72
 219 00bf 20       		.byte	32
 220 00c0 49       		.byte	73
 221 00c1 01       		.byte	1
 222 00c2 4A       		.byte	74
 223 00c3 02       		.byte	2
 224 00c4 4E       		.byte	78
 225 00c5 02       		.byte	2
 226 00c6 4F       		.byte	79
 227 00c7 20       		.byte	32
 228 00c8 50       		.byte	80
ARM GAS  C:\Users\LENOVO\AppData\Local\Temp\ccqVdTaV.s 			page 5


 229 00c9 08       		.byte	8
 230 00ca 52       		.byte	82
 231 00cb 02       		.byte	2
 232 00cc 59       		.byte	89
 233 00cd 05       		.byte	5
 234 00ce 5A       		.byte	90
 235 00cf A0       		.byte	-96
 236 00d0 72       		.byte	114
 237 00d1 40       		.byte	64
 238 00d2 8B       		.byte	-117
 239 00d3 02       		.byte	2
 240 00d4 C0       		.byte	-64
 241 00d5 01       		.byte	1
 242 00d6 C2       		.byte	-62
 243 00d7 0A       		.byte	10
 244 00d8 C4       		.byte	-60
 245 00d9 06       		.byte	6
 246 00da CC       		.byte	-52
 247 00db 06       		.byte	6
 248 00dc CE       		.byte	-50
 249 00dd 0C       		.byte	12
 250 00de D0       		.byte	-48
 251 00df 04       		.byte	4
 252 00e0 D2       		.byte	-46
 253 00e1 38       		.byte	56
 254 00e2 D6       		.byte	-42
 255 00e3 0F       		.byte	15
 256 00e4 E6       		.byte	-26
 257 00e5 80       		.byte	-128
 258 00e6 B1       		.byte	-79
 259 00e7 40       		.byte	64
 260 00e8 EA       		.byte	-22
 261 00e9 80       		.byte	-128
 262 00ea 56       		.byte	86
 263 00eb 20       		.byte	32
 264 00ec 57       		.byte	87
 265 00ed 01       		.byte	1
 266 00ee 8A       		.byte	-118
 267 00ef 20       		.byte	32
 268 00f0 D4       		.byte	-44
 269 00f1 40       		.byte	64
 270 00f2 D6       		.byte	-42
 271 00f3 20       		.byte	32
 272 00f4 B3       		.byte	-77
 273 00f5 01       		.byte	1
 274 00f6 00       		.byte	0
 275 00f7 01       		.byte	1
 276 00f8 08       		.byte	8
 277 00f9 01       		.byte	1
 278 00fa 00       		.byte	0
 279 00fb 00       		.byte	0
 280 00fc 00       		.byte	0
 281 00fd 03       		.byte	3
 282 00fe 03       		.byte	3
 283 00ff 00       		.byte	0
 284 0100 03       		.byte	3
 285 0101 00       		.byte	0
ARM GAS  C:\Users\LENOVO\AppData\Local\Temp\ccqVdTaV.s 			page 6


 286 0102 00       		.byte	0
 287 0103 00       		.byte	0
 288 0104 00       		.byte	0
 289 0105 0B       		.byte	11
 290 0106 0B       		.byte	11
 291 0107 00       		.byte	0
 292 0108 00       		.byte	0
 293 0109 00       		.byte	0
 294 010a 00       		.byte	0
 295 010b 00       		.byte	0
 296 010c 00       		.byte	0
 297 010d 02       		.byte	2
 298 010e 02       		.byte	2
 299 010f 00       		.byte	0
 300 0110 00       		.byte	0
 301 0111 00       		.byte	0
 302 0112 00       		.byte	0
 303 0113 00       		.byte	0
 304              		.section	.cywolatch,"a",%progbits
 305              		.align	2
 306              		.type	cy_meta_wonvl, %object
 307              		.size	cy_meta_wonvl, 4
 308              	cy_meta_wonvl:
 309 0000 BC       		.byte	-68
 310 0001 90       		.byte	-112
 311 0002 AC       		.byte	-84
 312 0003 AF       		.byte	-81
 313              		.section	.cycustnvl,"a",%progbits
 314              		.align	2
 315              		.type	cy_meta_custnvl, %object
 316              		.size	cy_meta_custnvl, 4
 317              	cy_meta_custnvl:
 318 0000 00       		.byte	0
 319 0001 00       		.byte	0
 320 0002 40       		.byte	64
 321 0003 05       		.byte	5
 322              		.section	.cymeta,"a",%progbits
 323              		.align	2
 324              		.type	cy_metadata, %object
 325              		.size	cy_metadata, 12
 326              	cy_metadata:
 327 0000 00       		.byte	0
 328 0001 01       		.byte	1
 329 0002 2E       		.byte	46
 330 0003 12       		.byte	18
 331 0004 70       		.byte	112
 332 0005 69       		.byte	105
 333 0006 00       		.byte	0
 334 0007 01       		.byte	1
 335 0008 00       		.byte	0
 336 0009 00       		.byte	0
 337 000a 00       		.byte	0
 338 000b 00       		.byte	0
 339              		.section	.cyflashprotect,"a",%progbits
 340              		.align	2
 341              		.type	cy_meta_flashprotect, %object
 342              		.size	cy_meta_flashprotect, 256
ARM GAS  C:\Users\LENOVO\AppData\Local\Temp\ccqVdTaV.s 			page 7


 343              	cy_meta_flashprotect:
 344 0000 00000000 		.space	256
 344      00000000 
 344      00000000 
 344      00000000 
 344      00000000 
 345              		.text
 346              	.Letext0:
 347              		.file 1 "Generated_Source\\PSoC5\\cymetadata.c"
 348              		.file 2 "Generated_Source\\PSoC5\\cytypes.h"
 349              		.section	.debug_info,"",%progbits
 350              	.Ldebug_info0:
 351 0000 37010000 		.4byte	0x137
 352 0004 0400     		.2byte	0x4
 353 0006 00000000 		.4byte	.Ldebug_abbrev0
 354 000a 04       		.byte	0x4
 355 000b 01       		.uleb128 0x1
 356 000c AD000000 		.4byte	.LASF18
 357 0010 01       		.byte	0x1
 358 0011 C3010000 		.4byte	.LASF19
 359 0015 00000000 		.4byte	.LASF20
 360 0019 00000000 		.4byte	.Ldebug_line0
 361 001d 02       		.uleb128 0x2
 362 001e 01       		.byte	0x1
 363 001f 06       		.byte	0x6
 364 0020 B7010000 		.4byte	.LASF0
 365 0024 02       		.uleb128 0x2
 366 0025 01       		.byte	0x1
 367 0026 08       		.byte	0x8
 368 0027 51000000 		.4byte	.LASF1
 369 002b 02       		.uleb128 0x2
 370 002c 02       		.byte	0x2
 371 002d 05       		.byte	0x5
 372 002e 9E010000 		.4byte	.LASF2
 373 0032 02       		.uleb128 0x2
 374 0033 02       		.byte	0x2
 375 0034 07       		.byte	0x7
 376 0035 71000000 		.4byte	.LASF3
 377 0039 02       		.uleb128 0x2
 378 003a 04       		.byte	0x4
 379 003b 05       		.byte	0x5
 380 003c AE010000 		.4byte	.LASF4
 381 0040 02       		.uleb128 0x2
 382 0041 04       		.byte	0x4
 383 0042 07       		.byte	0x7
 384 0043 5F000000 		.4byte	.LASF5
 385 0047 02       		.uleb128 0x2
 386 0048 08       		.byte	0x8
 387 0049 05       		.byte	0x5
 388 004a 8B010000 		.4byte	.LASF6
 389 004e 02       		.uleb128 0x2
 390 004f 08       		.byte	0x8
 391 0050 07       		.byte	0x7
 392 0051 48010000 		.4byte	.LASF7
 393 0055 03       		.uleb128 0x3
 394 0056 04       		.byte	0x4
 395 0057 05       		.byte	0x5
ARM GAS  C:\Users\LENOVO\AppData\Local\Temp\ccqVdTaV.s 			page 8


 396 0058 696E7400 		.ascii	"int\000"
 397 005c 02       		.uleb128 0x2
 398 005d 04       		.byte	0x4
 399 005e 07       		.byte	0x7
 400 005f 3B010000 		.4byte	.LASF8
 401 0063 04       		.uleb128 0x4
 402 0064 A8010000 		.4byte	.LASF21
 403 0068 02       		.byte	0x2
 404 0069 9201     		.2byte	0x192
 405 006b 24000000 		.4byte	0x24
 406 006f 02       		.uleb128 0x2
 407 0070 04       		.byte	0x4
 408 0071 04       		.byte	0x4
 409 0072 4B000000 		.4byte	.LASF9
 410 0076 02       		.uleb128 0x2
 411 0077 08       		.byte	0x8
 412 0078 04       		.byte	0x4
 413 0079 84000000 		.4byte	.LASF10
 414 007d 02       		.uleb128 0x2
 415 007e 01       		.byte	0x1
 416 007f 08       		.byte	0x8
 417 0080 99010000 		.4byte	.LASF11
 418 0084 05       		.uleb128 0x5
 419 0085 63000000 		.4byte	0x63
 420 0089 95000000 		.4byte	0x95
 421 008d 06       		.uleb128 0x6
 422 008e 95000000 		.4byte	0x95
 423 0092 1301     		.2byte	0x113
 424 0094 00       		.byte	0
 425 0095 02       		.uleb128 0x2
 426 0096 04       		.byte	0x4
 427 0097 07       		.byte	0x7
 428 0098 82010000 		.4byte	.LASF12
 429 009c 07       		.uleb128 0x7
 430 009d 9B000000 		.4byte	.LASF13
 431 00a1 01       		.byte	0x1
 432 00a2 1F       		.byte	0x1f
 433 00a3 AD000000 		.4byte	0xad
 434 00a7 05       		.uleb128 0x5
 435 00a8 03       		.byte	0x3
 436 00a9 00000000 		.4byte	cy_meta_configecc
 437 00ad 08       		.uleb128 0x8
 438 00ae 84000000 		.4byte	0x84
 439 00b2 05       		.uleb128 0x5
 440 00b3 63000000 		.4byte	0x63
 441 00b7 C2000000 		.4byte	0xc2
 442 00bb 09       		.uleb128 0x9
 443 00bc 95000000 		.4byte	0x95
 444 00c0 03       		.byte	0x3
 445 00c1 00       		.byte	0
 446 00c2 07       		.uleb128 0x7
 447 00c3 8B000000 		.4byte	.LASF14
 448 00c7 01       		.byte	0x1
 449 00c8 4F       		.byte	0x4f
 450 00c9 D3000000 		.4byte	0xd3
 451 00cd 05       		.uleb128 0x5
 452 00ce 03       		.byte	0x3
ARM GAS  C:\Users\LENOVO\AppData\Local\Temp\ccqVdTaV.s 			page 9


 453 00cf 00000000 		.4byte	cy_meta_custnvl
 454 00d3 08       		.uleb128 0x8
 455 00d4 B2000000 		.4byte	0xb2
 456 00d8 07       		.uleb128 0x7
 457 00d9 74010000 		.4byte	.LASF15
 458 00dd 01       		.byte	0x1
 459 00de 5D       		.byte	0x5d
 460 00df E9000000 		.4byte	0xe9
 461 00e3 05       		.uleb128 0x5
 462 00e4 03       		.byte	0x3
 463 00e5 00000000 		.4byte	cy_meta_wonvl
 464 00e9 08       		.uleb128 0x8
 465 00ea B2000000 		.4byte	0xb2
 466 00ee 05       		.uleb128 0x5
 467 00ef 63000000 		.4byte	0x63
 468 00f3 FE000000 		.4byte	0xfe
 469 00f7 09       		.uleb128 0x9
 470 00f8 95000000 		.4byte	0x95
 471 00fc FF       		.byte	0xff
 472 00fd 00       		.byte	0
 473 00fe 07       		.uleb128 0x7
 474 00ff 5F010000 		.4byte	.LASF16
 475 0103 01       		.byte	0x1
 476 0104 6B       		.byte	0x6b
 477 0105 0F010000 		.4byte	0x10f
 478 0109 05       		.uleb128 0x5
 479 010a 03       		.byte	0x3
 480 010b 00000000 		.4byte	cy_meta_flashprotect
 481 010f 08       		.uleb128 0x8
 482 0110 EE000000 		.4byte	0xee
 483 0114 05       		.uleb128 0x5
 484 0115 63000000 		.4byte	0x63
 485 0119 24010000 		.4byte	0x124
 486 011d 09       		.uleb128 0x9
 487 011e 95000000 		.4byte	0x95
 488 0122 0B       		.byte	0xb
 489 0123 00       		.byte	0
 490 0124 07       		.uleb128 0x7
 491 0125 3F000000 		.4byte	.LASF17
 492 0129 01       		.byte	0x1
 493 012a 98       		.byte	0x98
 494 012b 35010000 		.4byte	0x135
 495 012f 05       		.uleb128 0x5
 496 0130 03       		.byte	0x3
 497 0131 00000000 		.4byte	cy_metadata
 498 0135 08       		.uleb128 0x8
 499 0136 14010000 		.4byte	0x114
 500 013a 00       		.byte	0
 501              		.section	.debug_abbrev,"",%progbits
 502              	.Ldebug_abbrev0:
 503 0000 01       		.uleb128 0x1
 504 0001 11       		.uleb128 0x11
 505 0002 01       		.byte	0x1
 506 0003 25       		.uleb128 0x25
 507 0004 0E       		.uleb128 0xe
 508 0005 13       		.uleb128 0x13
 509 0006 0B       		.uleb128 0xb
ARM GAS  C:\Users\LENOVO\AppData\Local\Temp\ccqVdTaV.s 			page 10


 510 0007 03       		.uleb128 0x3
 511 0008 0E       		.uleb128 0xe
 512 0009 1B       		.uleb128 0x1b
 513 000a 0E       		.uleb128 0xe
 514 000b 10       		.uleb128 0x10
 515 000c 17       		.uleb128 0x17
 516 000d 00       		.byte	0
 517 000e 00       		.byte	0
 518 000f 02       		.uleb128 0x2
 519 0010 24       		.uleb128 0x24
 520 0011 00       		.byte	0
 521 0012 0B       		.uleb128 0xb
 522 0013 0B       		.uleb128 0xb
 523 0014 3E       		.uleb128 0x3e
 524 0015 0B       		.uleb128 0xb
 525 0016 03       		.uleb128 0x3
 526 0017 0E       		.uleb128 0xe
 527 0018 00       		.byte	0
 528 0019 00       		.byte	0
 529 001a 03       		.uleb128 0x3
 530 001b 24       		.uleb128 0x24
 531 001c 00       		.byte	0
 532 001d 0B       		.uleb128 0xb
 533 001e 0B       		.uleb128 0xb
 534 001f 3E       		.uleb128 0x3e
 535 0020 0B       		.uleb128 0xb
 536 0021 03       		.uleb128 0x3
 537 0022 08       		.uleb128 0x8
 538 0023 00       		.byte	0
 539 0024 00       		.byte	0
 540 0025 04       		.uleb128 0x4
 541 0026 16       		.uleb128 0x16
 542 0027 00       		.byte	0
 543 0028 03       		.uleb128 0x3
 544 0029 0E       		.uleb128 0xe
 545 002a 3A       		.uleb128 0x3a
 546 002b 0B       		.uleb128 0xb
 547 002c 3B       		.uleb128 0x3b
 548 002d 05       		.uleb128 0x5
 549 002e 49       		.uleb128 0x49
 550 002f 13       		.uleb128 0x13
 551 0030 00       		.byte	0
 552 0031 00       		.byte	0
 553 0032 05       		.uleb128 0x5
 554 0033 01       		.uleb128 0x1
 555 0034 01       		.byte	0x1
 556 0035 49       		.uleb128 0x49
 557 0036 13       		.uleb128 0x13
 558 0037 01       		.uleb128 0x1
 559 0038 13       		.uleb128 0x13
 560 0039 00       		.byte	0
 561 003a 00       		.byte	0
 562 003b 06       		.uleb128 0x6
 563 003c 21       		.uleb128 0x21
 564 003d 00       		.byte	0
 565 003e 49       		.uleb128 0x49
 566 003f 13       		.uleb128 0x13
ARM GAS  C:\Users\LENOVO\AppData\Local\Temp\ccqVdTaV.s 			page 11


 567 0040 2F       		.uleb128 0x2f
 568 0041 05       		.uleb128 0x5
 569 0042 00       		.byte	0
 570 0043 00       		.byte	0
 571 0044 07       		.uleb128 0x7
 572 0045 34       		.uleb128 0x34
 573 0046 00       		.byte	0
 574 0047 03       		.uleb128 0x3
 575 0048 0E       		.uleb128 0xe
 576 0049 3A       		.uleb128 0x3a
 577 004a 0B       		.uleb128 0xb
 578 004b 3B       		.uleb128 0x3b
 579 004c 0B       		.uleb128 0xb
 580 004d 49       		.uleb128 0x49
 581 004e 13       		.uleb128 0x13
 582 004f 3F       		.uleb128 0x3f
 583 0050 19       		.uleb128 0x19
 584 0051 02       		.uleb128 0x2
 585 0052 18       		.uleb128 0x18
 586 0053 00       		.byte	0
 587 0054 00       		.byte	0
 588 0055 08       		.uleb128 0x8
 589 0056 26       		.uleb128 0x26
 590 0057 00       		.byte	0
 591 0058 49       		.uleb128 0x49
 592 0059 13       		.uleb128 0x13
 593 005a 00       		.byte	0
 594 005b 00       		.byte	0
 595 005c 09       		.uleb128 0x9
 596 005d 21       		.uleb128 0x21
 597 005e 00       		.byte	0
 598 005f 49       		.uleb128 0x49
 599 0060 13       		.uleb128 0x13
 600 0061 2F       		.uleb128 0x2f
 601 0062 0B       		.uleb128 0xb
 602 0063 00       		.byte	0
 603 0064 00       		.byte	0
 604 0065 00       		.byte	0
 605              		.section	.debug_aranges,"",%progbits
 606 0000 14000000 		.4byte	0x14
 607 0004 0200     		.2byte	0x2
 608 0006 00000000 		.4byte	.Ldebug_info0
 609 000a 04       		.byte	0x4
 610 000b 00       		.byte	0
 611 000c 0000     		.2byte	0
 612 000e 0000     		.2byte	0
 613 0010 00000000 		.4byte	0
 614 0014 00000000 		.4byte	0
 615              		.section	.debug_line,"",%progbits
 616              	.Ldebug_line0:
 617 0000 4D000000 		.section	.debug_str,"MS",%progbits,1
 617      02004700 
 617      00000201 
 617      FB0E0D00 
 617      01010101 
 618              	.LASF20:
 619 0000 433A5C55 		.ascii	"C:\\Users\\LENOVO\\Desktop\\564\\PSoc\\Workspace01\\"
ARM GAS  C:\Users\LENOVO\AppData\Local\Temp\ccqVdTaV.s 			page 12


 619      73657273 
 619      5C4C454E 
 619      4F564F5C 
 619      4465736B 
 620 002d 526F626F 		.ascii	"RobotDesign.cydsn\000"
 620      74446573 
 620      69676E2E 
 620      63796473 
 620      6E00
 621              	.LASF17:
 622 003f 63795F6D 		.ascii	"cy_metadata\000"
 622      65746164 
 622      61746100 
 623              	.LASF9:
 624 004b 666C6F61 		.ascii	"float\000"
 624      7400
 625              	.LASF1:
 626 0051 756E7369 		.ascii	"unsigned char\000"
 626      676E6564 
 626      20636861 
 626      7200
 627              	.LASF5:
 628 005f 6C6F6E67 		.ascii	"long unsigned int\000"
 628      20756E73 
 628      69676E65 
 628      6420696E 
 628      7400
 629              	.LASF3:
 630 0071 73686F72 		.ascii	"short unsigned int\000"
 630      7420756E 
 630      7369676E 
 630      65642069 
 630      6E7400
 631              	.LASF10:
 632 0084 646F7562 		.ascii	"double\000"
 632      6C6500
 633              	.LASF14:
 634 008b 63795F6D 		.ascii	"cy_meta_custnvl\000"
 634      6574615F 
 634      63757374 
 634      6E766C00 
 635              	.LASF13:
 636 009b 63795F6D 		.ascii	"cy_meta_configecc\000"
 636      6574615F 
 636      636F6E66 
 636      69676563 
 636      6300
 637              	.LASF18:
 638 00ad 474E5520 		.ascii	"GNU C 4.9.3 20150303 (release) [ARM/embedded-4_9-br"
 638      4320342E 
 638      392E3320 
 638      32303135 
 638      30333033 
 639 00e0 616E6368 		.ascii	"anch revision 221220] -mcpu=cortex-m3 -mthumb -g -O"
 639      20726576 
 639      6973696F 
 639      6E203232 
ARM GAS  C:\Users\LENOVO\AppData\Local\Temp\ccqVdTaV.s 			page 13


 639      31323230 
 640 0113 67202D66 		.ascii	"g -ffunction-sections -ffat-lto-objects\000"
 640      66756E63 
 640      74696F6E 
 640      2D736563 
 640      74696F6E 
 641              	.LASF8:
 642 013b 756E7369 		.ascii	"unsigned int\000"
 642      676E6564 
 642      20696E74 
 642      00
 643              	.LASF7:
 644 0148 6C6F6E67 		.ascii	"long long unsigned int\000"
 644      206C6F6E 
 644      6720756E 
 644      7369676E 
 644      65642069 
 645              	.LASF16:
 646 015f 63795F6D 		.ascii	"cy_meta_flashprotect\000"
 646      6574615F 
 646      666C6173 
 646      6870726F 
 646      74656374 
 647              	.LASF15:
 648 0174 63795F6D 		.ascii	"cy_meta_wonvl\000"
 648      6574615F 
 648      776F6E76 
 648      6C00
 649              	.LASF12:
 650 0182 73697A65 		.ascii	"sizetype\000"
 650      74797065 
 650      00
 651              	.LASF6:
 652 018b 6C6F6E67 		.ascii	"long long int\000"
 652      206C6F6E 
 652      6720696E 
 652      7400
 653              	.LASF11:
 654 0199 63686172 		.ascii	"char\000"
 654      00
 655              	.LASF2:
 656 019e 73686F72 		.ascii	"short int\000"
 656      7420696E 
 656      7400
 657              	.LASF21:
 658 01a8 75696E74 		.ascii	"uint8\000"
 658      3800
 659              	.LASF4:
 660 01ae 6C6F6E67 		.ascii	"long int\000"
 660      20696E74 
 660      00
 661              	.LASF0:
 662 01b7 7369676E 		.ascii	"signed char\000"
 662      65642063 
 662      68617200 
 663              	.LASF19:
 664 01c3 47656E65 		.ascii	"Generated_Source\\PSoC5\\cymetadata.c\000"
ARM GAS  C:\Users\LENOVO\AppData\Local\Temp\ccqVdTaV.s 			page 14


 664      72617465 
 664      645F536F 
 664      75726365 
 664      5C50536F 
 665              		.ident	"GCC: (GNU Tools for ARM Embedded Processors) 4.9.3 20150303 (release) [ARM/embedded-4_9-br
