ARM GAS  C:\Users\LENOVO\AppData\Local\Temp\ccMmH4kD.s 			page 1


   1              		.syntax unified
   2              		.cpu cortex-m3
   3              		.fpu softvfp
   4              		.eabi_attribute 20, 1
   5              		.eabi_attribute 21, 1
   6              		.eabi_attribute 23, 3
   7              		.eabi_attribute 24, 1
   8              		.eabi_attribute 25, 1
   9              		.eabi_attribute 26, 1
  10              		.eabi_attribute 30, 1
  11              		.eabi_attribute 34, 1
  12              		.eabi_attribute 18, 4
  13              		.thumb
  14              		.file	"cymetadata.c"
  15              		.text
  16              	.Ltext0:
  17              		.cfi_sections	.debug_frame
  18              		.global	cy_metadata
  19              		.global	cy_meta_flashprotect
  20              		.global	cy_meta_wonvl
  21              		.global	cy_meta_custnvl
  22              		.global	cy_meta_configecc
  23              		.section	.cyconfigecc,"a",%progbits
  24              		.align	2
  25              		.type	cy_meta_configecc, %object
  26              		.size	cy_meta_configecc, 264
  27              	cy_meta_configecc:
  28 0000 01       		.byte	1
  29 0001 52       		.byte	82
  30 0002 00       		.byte	0
  31 0003 40       		.byte	64
  32 0004 01       		.byte	1
  33 0005 65       		.byte	101
  34 0006 00       		.byte	0
  35 0007 40       		.byte	64
  36 0008 41       		.byte	65
  37 0009 18       		.byte	24
  38 000a 01       		.byte	1
  39 000b 40       		.byte	64
  40 000c 1D       		.byte	29
  41 000d 19       		.byte	25
  42 000e 01       		.byte	1
  43 000f 40       		.byte	64
  44 0010 03       		.byte	3
  45 0011 1B       		.byte	27
  46 0012 01       		.byte	1
  47 0013 40       		.byte	64
  48 0014 04       		.byte	4
  49 0015 4C       		.byte	76
  50 0016 01       		.byte	1
  51 0017 40       		.byte	64
  52 0018 03       		.byte	3
  53 0019 4D       		.byte	77
  54 001a 01       		.byte	1
  55 001b 40       		.byte	64
  56 001c 02       		.byte	2
  57 001d 50       		.byte	80
ARM GAS  C:\Users\LENOVO\AppData\Local\Temp\ccMmH4kD.s 			page 2


  58 001e 01       		.byte	1
  59 001f 40       		.byte	64
  60 0020 09       		.byte	9
  61 0021 80       		.byte	-128
  62 0022 89       		.byte	-119
  63 0023 0F       		.byte	15
  64 0024 40       		.byte	64
  65 0025 60       		.byte	96
  66 0026 41       		.byte	65
  67 0027 05       		.byte	5
  68 0028 49       		.byte	73
  69 0029 FF       		.byte	-1
  70 002a 4A       		.byte	74
  71 002b FF       		.byte	-1
  72 002c 4B       		.byte	75
  73 002d FF       		.byte	-1
  74 002e 4D       		.byte	77
  75 002f A0       		.byte	-96
  76 0030 4F       		.byte	79
  77 0031 04       		.byte	4
  78 0032 50       		.byte	80
  79 0033 18       		.byte	24
  80 0034 5A       		.byte	90
  81 0035 04       		.byte	4
  82 0036 5F       		.byte	95
  83 0037 01       		.byte	1
  84 0038 60       		.byte	96
  85 0039 40       		.byte	64
  86 003a 62       		.byte	98
  87 003b C0       		.byte	-64
  88 003c 64       		.byte	100
  89 003d 40       		.byte	64
  90 003e 65       		.byte	101
  91 003f 40       		.byte	64
  92 0040 66       		.byte	102
  93 0041 C0       		.byte	-64
  94 0042 68       		.byte	104
  95 0043 C0       		.byte	-64
  96 0044 6A       		.byte	106
  97 0045 C0       		.byte	-64
  98 0046 6C       		.byte	108
  99 0047 C0       		.byte	-64
 100 0048 6E       		.byte	110
 101 0049 C0       		.byte	-64
 102 004a 89       		.byte	-119
 103 004b 02       		.byte	2
 104 004c 8D       		.byte	-115
 105 004d 08       		.byte	8
 106 004e 8E       		.byte	-114
 107 004f 02       		.byte	2
 108 0050 92       		.byte	-110
 109 0051 01       		.byte	1
 110 0052 97       		.byte	-105
 111 0053 03       		.byte	3
 112 0054 9A       		.byte	-102
 113 0055 0E       		.byte	14
 114 0056 9B       		.byte	-101
ARM GAS  C:\Users\LENOVO\AppData\Local\Temp\ccMmH4kD.s 			page 3


 115 0057 0C       		.byte	12
 116 0058 A6       		.byte	-90
 117 0059 04       		.byte	4
 118 005a AA       		.byte	-86
 119 005b 08       		.byte	8
 120 005c B0       		.byte	-80
 121 005d 08       		.byte	8
 122 005e B1       		.byte	-79
 123 005f 04       		.byte	4
 124 0060 B2       		.byte	-78
 125 0061 02       		.byte	2
 126 0062 B3       		.byte	-77
 127 0063 01       		.byte	1
 128 0064 B4       		.byte	-76
 129 0065 01       		.byte	1
 130 0066 B5       		.byte	-75
 131 0067 08       		.byte	8
 132 0068 B6       		.byte	-74
 133 0069 04       		.byte	4
 134 006a B7       		.byte	-73
 135 006b 02       		.byte	2
 136 006c BE       		.byte	-66
 137 006d 04       		.byte	4
 138 006e C0       		.byte	-64
 139 006f 20       		.byte	32
 140 0070 C1       		.byte	-63
 141 0071 05       		.byte	5
 142 0072 C5       		.byte	-59
 143 0073 D5       		.byte	-43
 144 0074 C7       		.byte	-57
 145 0075 21       		.byte	33
 146 0076 C8       		.byte	-56
 147 0077 33       		.byte	51
 148 0078 C9       		.byte	-55
 149 0079 FF       		.byte	-1
 150 007a CA       		.byte	-54
 151 007b FF       		.byte	-1
 152 007c CB       		.byte	-53
 153 007d FF       		.byte	-1
 154 007e CD       		.byte	-51
 155 007f AF       		.byte	-81
 156 0080 CE       		.byte	-50
 157 0081 0F       		.byte	15
 158 0082 CF       		.byte	-49
 159 0083 04       		.byte	4
 160 0084 D0       		.byte	-48
 161 0085 18       		.byte	24
 162 0086 D2       		.byte	-46
 163 0087 80       		.byte	-128
 164 0088 D4       		.byte	-44
 165 0089 07       		.byte	7
 166 008a D8       		.byte	-40
 167 008b 04       		.byte	4
 168 008c D9       		.byte	-39
 169 008d 04       		.byte	4
 170 008e DA       		.byte	-38
 171 008f 04       		.byte	4
ARM GAS  C:\Users\LENOVO\AppData\Local\Temp\ccMmH4kD.s 			page 4


 172 0090 DB       		.byte	-37
 173 0091 04       		.byte	4
 174 0092 DF       		.byte	-33
 175 0093 01       		.byte	1
 176 0094 E0       		.byte	-32
 177 0095 40       		.byte	64
 178 0096 E2       		.byte	-30
 179 0097 C0       		.byte	-64
 180 0098 E4       		.byte	-28
 181 0099 40       		.byte	64
 182 009a E5       		.byte	-27
 183 009b 40       		.byte	64
 184 009c E6       		.byte	-26
 185 009d C0       		.byte	-64
 186 009e E8       		.byte	-24
 187 009f C0       		.byte	-64
 188 00a0 EA       		.byte	-22
 189 00a1 C0       		.byte	-64
 190 00a2 EC       		.byte	-20
 191 00a3 C0       		.byte	-64
 192 00a4 EE       		.byte	-18
 193 00a5 C0       		.byte	-64
 194 00a6 02       		.byte	2
 195 00a7 02       		.byte	2
 196 00a8 0A       		.byte	10
 197 00a9 44       		.byte	68
 198 00aa 10       		.byte	16
 199 00ab 28       		.byte	40
 200 00ac 19       		.byte	25
 201 00ad 04       		.byte	4
 202 00ae 1A       		.byte	26
 203 00af 04       		.byte	4
 204 00b0 1B       		.byte	27
 205 00b1 52       		.byte	82
 206 00b2 20       		.byte	32
 207 00b3 50       		.byte	80
 208 00b4 22       		.byte	34
 209 00b5 50       		.byte	80
 210 00b6 30       		.byte	48
 211 00b7 28       		.byte	40
 212 00b8 38       		.byte	56
 213 00b9 50       		.byte	80
 214 00ba 42       		.byte	66
 215 00bb 04       		.byte	4
 216 00bc 48       		.byte	72
 217 00bd 20       		.byte	32
 218 00be 49       		.byte	73
 219 00bf 01       		.byte	1
 220 00c0 4A       		.byte	74
 221 00c1 02       		.byte	2
 222 00c2 4E       		.byte	78
 223 00c3 02       		.byte	2
 224 00c4 4F       		.byte	79
 225 00c5 20       		.byte	32
 226 00c6 50       		.byte	80
 227 00c7 08       		.byte	8
 228 00c8 52       		.byte	82
ARM GAS  C:\Users\LENOVO\AppData\Local\Temp\ccMmH4kD.s 			page 5


 229 00c9 02       		.byte	2
 230 00ca 59       		.byte	89
 231 00cb 05       		.byte	5
 232 00cc 5A       		.byte	90
 233 00cd A0       		.byte	-96
 234 00ce 72       		.byte	114
 235 00cf 40       		.byte	64
 236 00d0 C0       		.byte	-64
 237 00d1 01       		.byte	1
 238 00d2 C2       		.byte	-62
 239 00d3 0A       		.byte	10
 240 00d4 C4       		.byte	-60
 241 00d5 06       		.byte	6
 242 00d6 CC       		.byte	-52
 243 00d7 06       		.byte	6
 244 00d8 CE       		.byte	-50
 245 00d9 0C       		.byte	12
 246 00da D0       		.byte	-48
 247 00db 04       		.byte	4
 248 00dc D2       		.byte	-46
 249 00dd 38       		.byte	56
 250 00de D6       		.byte	-42
 251 00df 0F       		.byte	15
 252 00e0 AF       		.byte	-81
 253 00e1 02       		.byte	2
 254 00e2 B7       		.byte	-73
 255 00e3 40       		.byte	64
 256 00e4 E8       		.byte	-24
 257 00e5 08       		.byte	8
 258 00e6 5A       		.byte	90
 259 00e7 01       		.byte	1
 260 00e8 61       		.byte	97
 261 00e9 20       		.byte	32
 262 00ea D6       		.byte	-42
 263 00eb 02       		.byte	2
 264 00ec D8       		.byte	-40
 265 00ed 02       		.byte	2
 266 00ee AE       		.byte	-82
 267 00ef 01       		.byte	1
 268 00f0 B5       		.byte	-75
 269 00f1 20       		.byte	32
 270 00f2 EC       		.byte	-20
 271 00f3 02       		.byte	2
 272 00f4 10       		.byte	16
 273 00f5 01       		.byte	1
 274 00f6 1C       		.byte	28
 275 00f7 01       		.byte	1
 276 00f8 00       		.byte	0
 277 00f9 CB       		.byte	-53
 278 00fa CB       		.byte	-53
 279 00fb 00       		.byte	0
 280 00fc C0       		.byte	-64
 281 00fd 00       		.byte	0
 282 00fe 00       		.byte	0
 283 00ff 00       		.byte	0
 284 0100 00       		.byte	0
 285 0101 02       		.byte	2
ARM GAS  C:\Users\LENOVO\AppData\Local\Temp\ccMmH4kD.s 			page 6


 286 0102 02       		.byte	2
 287 0103 00       		.byte	0
 288 0104 00       		.byte	0
 289 0105 00       		.byte	0
 290 0106 00       		.byte	0
 291 0107 00       		.byte	0
 292              		.section	.cywolatch,"a",%progbits
 293              		.align	2
 294              		.type	cy_meta_wonvl, %object
 295              		.size	cy_meta_wonvl, 4
 296              	cy_meta_wonvl:
 297 0000 BC       		.byte	-68
 298 0001 90       		.byte	-112
 299 0002 AC       		.byte	-84
 300 0003 AF       		.byte	-81
 301              		.section	.cycustnvl,"a",%progbits
 302              		.align	2
 303              		.type	cy_meta_custnvl, %object
 304              		.size	cy_meta_custnvl, 4
 305              	cy_meta_custnvl:
 306 0000 00       		.byte	0
 307 0001 00       		.byte	0
 308 0002 40       		.byte	64
 309 0003 05       		.byte	5
 310              		.section	.cymeta,"a",%progbits
 311              		.align	2
 312              		.type	cy_metadata, %object
 313              		.size	cy_metadata, 12
 314              	cy_metadata:
 315 0000 00       		.byte	0
 316 0001 01       		.byte	1
 317 0002 2E       		.byte	46
 318 0003 12       		.byte	18
 319 0004 70       		.byte	112
 320 0005 69       		.byte	105
 321 0006 00       		.byte	0
 322 0007 01       		.byte	1
 323 0008 00       		.byte	0
 324 0009 00       		.byte	0
 325 000a 00       		.byte	0
 326 000b 00       		.byte	0
 327              		.section	.cyflashprotect,"a",%progbits
 328              		.align	2
 329              		.type	cy_meta_flashprotect, %object
 330              		.size	cy_meta_flashprotect, 256
 331              	cy_meta_flashprotect:
 332 0000 00000000 		.space	256
 332      00000000 
 332      00000000 
 332      00000000 
 332      00000000 
 333              		.text
 334              	.Letext0:
 335              		.file 1 "Generated_Source\\PSoC5\\cymetadata.c"
 336              		.file 2 "Generated_Source\\PSoC5\\cytypes.h"
 337              		.section	.debug_info,"",%progbits
 338              	.Ldebug_info0:
ARM GAS  C:\Users\LENOVO\AppData\Local\Temp\ccMmH4kD.s 			page 7


 339 0000 37010000 		.4byte	0x137
 340 0004 0400     		.2byte	0x4
 341 0006 00000000 		.4byte	.Ldebug_abbrev0
 342 000a 04       		.byte	0x4
 343 000b 01       		.uleb128 0x1
 344 000c 6E000000 		.4byte	.LASF18
 345 0010 01       		.byte	0x1
 346 0011 C4010000 		.4byte	.LASF19
 347 0015 20010000 		.4byte	.LASF20
 348 0019 00000000 		.4byte	.Ldebug_line0
 349 001d 02       		.uleb128 0x2
 350 001e 01       		.byte	0x1
 351 001f 06       		.byte	0x6
 352 0020 B8010000 		.4byte	.LASF0
 353 0024 02       		.uleb128 0x2
 354 0025 01       		.byte	0x1
 355 0026 08       		.byte	0x8
 356 0027 12000000 		.4byte	.LASF1
 357 002b 02       		.uleb128 0x2
 358 002c 02       		.byte	0x2
 359 002d 05       		.byte	0x5
 360 002e 9F010000 		.4byte	.LASF2
 361 0032 02       		.uleb128 0x2
 362 0033 02       		.byte	0x2
 363 0034 07       		.byte	0x7
 364 0035 32000000 		.4byte	.LASF3
 365 0039 02       		.uleb128 0x2
 366 003a 04       		.byte	0x4
 367 003b 05       		.byte	0x5
 368 003c AF010000 		.4byte	.LASF4
 369 0040 02       		.uleb128 0x2
 370 0041 04       		.byte	0x4
 371 0042 07       		.byte	0x7
 372 0043 20000000 		.4byte	.LASF5
 373 0047 02       		.uleb128 0x2
 374 0048 08       		.byte	0x8
 375 0049 05       		.byte	0x5
 376 004a 8C010000 		.4byte	.LASF6
 377 004e 02       		.uleb128 0x2
 378 004f 08       		.byte	0x8
 379 0050 07       		.byte	0x7
 380 0051 09010000 		.4byte	.LASF7
 381 0055 03       		.uleb128 0x3
 382 0056 04       		.byte	0x4
 383 0057 05       		.byte	0x5
 384 0058 696E7400 		.ascii	"int\000"
 385 005c 02       		.uleb128 0x2
 386 005d 04       		.byte	0x4
 387 005e 07       		.byte	0x7
 388 005f FC000000 		.4byte	.LASF8
 389 0063 04       		.uleb128 0x4
 390 0064 A9010000 		.4byte	.LASF21
 391 0068 02       		.byte	0x2
 392 0069 9201     		.2byte	0x192
 393 006b 24000000 		.4byte	0x24
 394 006f 02       		.uleb128 0x2
 395 0070 04       		.byte	0x4
ARM GAS  C:\Users\LENOVO\AppData\Local\Temp\ccMmH4kD.s 			page 8


 396 0071 04       		.byte	0x4
 397 0072 0C000000 		.4byte	.LASF9
 398 0076 02       		.uleb128 0x2
 399 0077 08       		.byte	0x8
 400 0078 04       		.byte	0x4
 401 0079 45000000 		.4byte	.LASF10
 402 007d 02       		.uleb128 0x2
 403 007e 01       		.byte	0x1
 404 007f 08       		.byte	0x8
 405 0080 9A010000 		.4byte	.LASF11
 406 0084 05       		.uleb128 0x5
 407 0085 63000000 		.4byte	0x63
 408 0089 95000000 		.4byte	0x95
 409 008d 06       		.uleb128 0x6
 410 008e 95000000 		.4byte	0x95
 411 0092 0701     		.2byte	0x107
 412 0094 00       		.byte	0
 413 0095 02       		.uleb128 0x2
 414 0096 04       		.byte	0x4
 415 0097 07       		.byte	0x7
 416 0098 83010000 		.4byte	.LASF12
 417 009c 07       		.uleb128 0x7
 418 009d 5C000000 		.4byte	.LASF13
 419 00a1 01       		.byte	0x1
 420 00a2 1F       		.byte	0x1f
 421 00a3 AD000000 		.4byte	0xad
 422 00a7 05       		.uleb128 0x5
 423 00a8 03       		.byte	0x3
 424 00a9 00000000 		.4byte	cy_meta_configecc
 425 00ad 08       		.uleb128 0x8
 426 00ae 84000000 		.4byte	0x84
 427 00b2 05       		.uleb128 0x5
 428 00b3 63000000 		.4byte	0x63
 429 00b7 C2000000 		.4byte	0xc2
 430 00bb 09       		.uleb128 0x9
 431 00bc 95000000 		.4byte	0x95
 432 00c0 03       		.byte	0x3
 433 00c1 00       		.byte	0
 434 00c2 07       		.uleb128 0x7
 435 00c3 4C000000 		.4byte	.LASF14
 436 00c7 01       		.byte	0x1
 437 00c8 4D       		.byte	0x4d
 438 00c9 D3000000 		.4byte	0xd3
 439 00cd 05       		.uleb128 0x5
 440 00ce 03       		.byte	0x3
 441 00cf 00000000 		.4byte	cy_meta_custnvl
 442 00d3 08       		.uleb128 0x8
 443 00d4 B2000000 		.4byte	0xb2
 444 00d8 07       		.uleb128 0x7
 445 00d9 75010000 		.4byte	.LASF15
 446 00dd 01       		.byte	0x1
 447 00de 5B       		.byte	0x5b
 448 00df E9000000 		.4byte	0xe9
 449 00e3 05       		.uleb128 0x5
 450 00e4 03       		.byte	0x3
 451 00e5 00000000 		.4byte	cy_meta_wonvl
 452 00e9 08       		.uleb128 0x8
ARM GAS  C:\Users\LENOVO\AppData\Local\Temp\ccMmH4kD.s 			page 9


 453 00ea B2000000 		.4byte	0xb2
 454 00ee 05       		.uleb128 0x5
 455 00ef 63000000 		.4byte	0x63
 456 00f3 FE000000 		.4byte	0xfe
 457 00f7 09       		.uleb128 0x9
 458 00f8 95000000 		.4byte	0x95
 459 00fc FF       		.byte	0xff
 460 00fd 00       		.byte	0
 461 00fe 07       		.uleb128 0x7
 462 00ff 60010000 		.4byte	.LASF16
 463 0103 01       		.byte	0x1
 464 0104 69       		.byte	0x69
 465 0105 0F010000 		.4byte	0x10f
 466 0109 05       		.uleb128 0x5
 467 010a 03       		.byte	0x3
 468 010b 00000000 		.4byte	cy_meta_flashprotect
 469 010f 08       		.uleb128 0x8
 470 0110 EE000000 		.4byte	0xee
 471 0114 05       		.uleb128 0x5
 472 0115 63000000 		.4byte	0x63
 473 0119 24010000 		.4byte	0x124
 474 011d 09       		.uleb128 0x9
 475 011e 95000000 		.4byte	0x95
 476 0122 0B       		.byte	0xb
 477 0123 00       		.byte	0
 478 0124 07       		.uleb128 0x7
 479 0125 00000000 		.4byte	.LASF17
 480 0129 01       		.byte	0x1
 481 012a 96       		.byte	0x96
 482 012b 35010000 		.4byte	0x135
 483 012f 05       		.uleb128 0x5
 484 0130 03       		.byte	0x3
 485 0131 00000000 		.4byte	cy_metadata
 486 0135 08       		.uleb128 0x8
 487 0136 14010000 		.4byte	0x114
 488 013a 00       		.byte	0
 489              		.section	.debug_abbrev,"",%progbits
 490              	.Ldebug_abbrev0:
 491 0000 01       		.uleb128 0x1
 492 0001 11       		.uleb128 0x11
 493 0002 01       		.byte	0x1
 494 0003 25       		.uleb128 0x25
 495 0004 0E       		.uleb128 0xe
 496 0005 13       		.uleb128 0x13
 497 0006 0B       		.uleb128 0xb
 498 0007 03       		.uleb128 0x3
 499 0008 0E       		.uleb128 0xe
 500 0009 1B       		.uleb128 0x1b
 501 000a 0E       		.uleb128 0xe
 502 000b 10       		.uleb128 0x10
 503 000c 17       		.uleb128 0x17
 504 000d 00       		.byte	0
 505 000e 00       		.byte	0
 506 000f 02       		.uleb128 0x2
 507 0010 24       		.uleb128 0x24
 508 0011 00       		.byte	0
 509 0012 0B       		.uleb128 0xb
ARM GAS  C:\Users\LENOVO\AppData\Local\Temp\ccMmH4kD.s 			page 10


 510 0013 0B       		.uleb128 0xb
 511 0014 3E       		.uleb128 0x3e
 512 0015 0B       		.uleb128 0xb
 513 0016 03       		.uleb128 0x3
 514 0017 0E       		.uleb128 0xe
 515 0018 00       		.byte	0
 516 0019 00       		.byte	0
 517 001a 03       		.uleb128 0x3
 518 001b 24       		.uleb128 0x24
 519 001c 00       		.byte	0
 520 001d 0B       		.uleb128 0xb
 521 001e 0B       		.uleb128 0xb
 522 001f 3E       		.uleb128 0x3e
 523 0020 0B       		.uleb128 0xb
 524 0021 03       		.uleb128 0x3
 525 0022 08       		.uleb128 0x8
 526 0023 00       		.byte	0
 527 0024 00       		.byte	0
 528 0025 04       		.uleb128 0x4
 529 0026 16       		.uleb128 0x16
 530 0027 00       		.byte	0
 531 0028 03       		.uleb128 0x3
 532 0029 0E       		.uleb128 0xe
 533 002a 3A       		.uleb128 0x3a
 534 002b 0B       		.uleb128 0xb
 535 002c 3B       		.uleb128 0x3b
 536 002d 05       		.uleb128 0x5
 537 002e 49       		.uleb128 0x49
 538 002f 13       		.uleb128 0x13
 539 0030 00       		.byte	0
 540 0031 00       		.byte	0
 541 0032 05       		.uleb128 0x5
 542 0033 01       		.uleb128 0x1
 543 0034 01       		.byte	0x1
 544 0035 49       		.uleb128 0x49
 545 0036 13       		.uleb128 0x13
 546 0037 01       		.uleb128 0x1
 547 0038 13       		.uleb128 0x13
 548 0039 00       		.byte	0
 549 003a 00       		.byte	0
 550 003b 06       		.uleb128 0x6
 551 003c 21       		.uleb128 0x21
 552 003d 00       		.byte	0
 553 003e 49       		.uleb128 0x49
 554 003f 13       		.uleb128 0x13
 555 0040 2F       		.uleb128 0x2f
 556 0041 05       		.uleb128 0x5
 557 0042 00       		.byte	0
 558 0043 00       		.byte	0
 559 0044 07       		.uleb128 0x7
 560 0045 34       		.uleb128 0x34
 561 0046 00       		.byte	0
 562 0047 03       		.uleb128 0x3
 563 0048 0E       		.uleb128 0xe
 564 0049 3A       		.uleb128 0x3a
 565 004a 0B       		.uleb128 0xb
 566 004b 3B       		.uleb128 0x3b
ARM GAS  C:\Users\LENOVO\AppData\Local\Temp\ccMmH4kD.s 			page 11


 567 004c 0B       		.uleb128 0xb
 568 004d 49       		.uleb128 0x49
 569 004e 13       		.uleb128 0x13
 570 004f 3F       		.uleb128 0x3f
 571 0050 19       		.uleb128 0x19
 572 0051 02       		.uleb128 0x2
 573 0052 18       		.uleb128 0x18
 574 0053 00       		.byte	0
 575 0054 00       		.byte	0
 576 0055 08       		.uleb128 0x8
 577 0056 26       		.uleb128 0x26
 578 0057 00       		.byte	0
 579 0058 49       		.uleb128 0x49
 580 0059 13       		.uleb128 0x13
 581 005a 00       		.byte	0
 582 005b 00       		.byte	0
 583 005c 09       		.uleb128 0x9
 584 005d 21       		.uleb128 0x21
 585 005e 00       		.byte	0
 586 005f 49       		.uleb128 0x49
 587 0060 13       		.uleb128 0x13
 588 0061 2F       		.uleb128 0x2f
 589 0062 0B       		.uleb128 0xb
 590 0063 00       		.byte	0
 591 0064 00       		.byte	0
 592 0065 00       		.byte	0
 593              		.section	.debug_aranges,"",%progbits
 594 0000 14000000 		.4byte	0x14
 595 0004 0200     		.2byte	0x2
 596 0006 00000000 		.4byte	.Ldebug_info0
 597 000a 04       		.byte	0x4
 598 000b 00       		.byte	0
 599 000c 0000     		.2byte	0
 600 000e 0000     		.2byte	0
 601 0010 00000000 		.4byte	0
 602 0014 00000000 		.4byte	0
 603              		.section	.debug_line,"",%progbits
 604              	.Ldebug_line0:
 605 0000 4D000000 		.section	.debug_str,"MS",%progbits,1
 605      02004700 
 605      00000201 
 605      FB0E0D00 
 605      01010101 
 606              	.LASF17:
 607 0000 63795F6D 		.ascii	"cy_metadata\000"
 607      65746164 
 607      61746100 
 608              	.LASF9:
 609 000c 666C6F61 		.ascii	"float\000"
 609      7400
 610              	.LASF1:
 611 0012 756E7369 		.ascii	"unsigned char\000"
 611      676E6564 
 611      20636861 
 611      7200
 612              	.LASF5:
 613 0020 6C6F6E67 		.ascii	"long unsigned int\000"
ARM GAS  C:\Users\LENOVO\AppData\Local\Temp\ccMmH4kD.s 			page 12


 613      20756E73 
 613      69676E65 
 613      6420696E 
 613      7400
 614              	.LASF3:
 615 0032 73686F72 		.ascii	"short unsigned int\000"
 615      7420756E 
 615      7369676E 
 615      65642069 
 615      6E7400
 616              	.LASF10:
 617 0045 646F7562 		.ascii	"double\000"
 617      6C6500
 618              	.LASF14:
 619 004c 63795F6D 		.ascii	"cy_meta_custnvl\000"
 619      6574615F 
 619      63757374 
 619      6E766C00 
 620              	.LASF13:
 621 005c 63795F6D 		.ascii	"cy_meta_configecc\000"
 621      6574615F 
 621      636F6E66 
 621      69676563 
 621      6300
 622              	.LASF18:
 623 006e 474E5520 		.ascii	"GNU C 4.9.3 20150303 (release) [ARM/embedded-4_9-br"
 623      4320342E 
 623      392E3320 
 623      32303135 
 623      30333033 
 624 00a1 616E6368 		.ascii	"anch revision 221220] -mcpu=cortex-m3 -mthumb -g -O"
 624      20726576 
 624      6973696F 
 624      6E203232 
 624      31323230 
 625 00d4 67202D66 		.ascii	"g -ffunction-sections -ffat-lto-objects\000"
 625      66756E63 
 625      74696F6E 
 625      2D736563 
 625      74696F6E 
 626              	.LASF8:
 627 00fc 756E7369 		.ascii	"unsigned int\000"
 627      676E6564 
 627      20696E74 
 627      00
 628              	.LASF7:
 629 0109 6C6F6E67 		.ascii	"long long unsigned int\000"
 629      206C6F6E 
 629      6720756E 
 629      7369676E 
 629      65642069 
 630              	.LASF20:
 631 0120 433A5C55 		.ascii	"C:\\Users\\LENOVO\\Desktop\\564\\PSoc\\Workspace01\\"
 631      73657273 
 631      5C4C454E 
 631      4F564F5C 
 631      4465736B 
ARM GAS  C:\Users\LENOVO\AppData\Local\Temp\ccMmH4kD.s 			page 13


 632 014d 526F626F 		.ascii	"RobotDesign2.cydsn\000"
 632      74446573 
 632      69676E32 
 632      2E637964 
 632      736E00
 633              	.LASF16:
 634 0160 63795F6D 		.ascii	"cy_meta_flashprotect\000"
 634      6574615F 
 634      666C6173 
 634      6870726F 
 634      74656374 
 635              	.LASF15:
 636 0175 63795F6D 		.ascii	"cy_meta_wonvl\000"
 636      6574615F 
 636      776F6E76 
 636      6C00
 637              	.LASF12:
 638 0183 73697A65 		.ascii	"sizetype\000"
 638      74797065 
 638      00
 639              	.LASF6:
 640 018c 6C6F6E67 		.ascii	"long long int\000"
 640      206C6F6E 
 640      6720696E 
 640      7400
 641              	.LASF11:
 642 019a 63686172 		.ascii	"char\000"
 642      00
 643              	.LASF2:
 644 019f 73686F72 		.ascii	"short int\000"
 644      7420696E 
 644      7400
 645              	.LASF21:
 646 01a9 75696E74 		.ascii	"uint8\000"
 646      3800
 647              	.LASF4:
 648 01af 6C6F6E67 		.ascii	"long int\000"
 648      20696E74 
 648      00
 649              	.LASF0:
 650 01b8 7369676E 		.ascii	"signed char\000"
 650      65642063 
 650      68617200 
 651              	.LASF19:
 652 01c4 47656E65 		.ascii	"Generated_Source\\PSoC5\\cymetadata.c\000"
 652      72617465 
 652      645F536F 
 652      75726365 
 652      5C50536F 
 653              		.ident	"GCC: (GNU Tools for ARM Embedded Processors) 4.9.3 20150303 (release) [ARM/embedded-4_9-br
