ARM GAS  C:\Users\LENOVO\AppData\Local\Temp\cc8na4Sq.s 			page 1


   1              		.syntax unified
   2              		.cpu cortex-m3
   3              		.fpu softvfp
   4              		.eabi_attribute 20, 1
   5              		.eabi_attribute 21, 1
   6              		.eabi_attribute 23, 3
   7              		.eabi_attribute 24, 1
   8              		.eabi_attribute 25, 1
   9              		.eabi_attribute 26, 1
  10              		.eabi_attribute 30, 1
  11              		.eabi_attribute 34, 1
  12              		.eabi_attribute 18, 4
  13              		.thumb
  14              		.file	"main.c"
  15              		.text
  16              	.Ltext0:
  17              		.cfi_sections	.debug_frame
  18              		.section	.text.main,"ax",%progbits
  19              		.align	2
  20              		.global	main
  21              		.thumb
  22              		.thumb_func
  23              		.type	main, %function
  24              	main:
  25              	.LFB63:
  26              		.file 1 "main.c"
   1:main.c        **** /* ========================================
   2:main.c        ****  *
   3:main.c        ****  * Copyright YOUR COMPANY, THE YEAR
   4:main.c        ****  * All Rights Reserved
   5:main.c        ****  * UNPUBLISHED, LICENSED SOFTWARE.
   6:main.c        ****  *
   7:main.c        ****  * CONFIDENTIAL AND PROPRIETARY INFORMATION
   8:main.c        ****  * WHICH IS THE PROPERTY OF your company.
   9:main.c        ****  *
  10:main.c        ****  * ========================================
  11:main.c        **** */
  12:main.c        **** #include "project.h"
  13:main.c        **** 
  14:main.c        **** int main(void)
  15:main.c        **** {
  27              		.loc 1 15 0
  28              		.cfi_startproc
  29              		@ Volatile: function does not return.
  30              		@ args = 0, pretend = 0, frame = 0
  31              		@ frame_needed = 0, uses_anonymous_args = 0
  32 0000 08B5     		push	{r3, lr}
  33              		.cfi_def_cfa_offset 8
  34              		.cfi_offset 3, -8
  35              		.cfi_offset 14, -4
  16:main.c        ****     CyGlobalIntEnable;
  36              		.loc 1 16 0
  37              	@ 16 "main.c" 1
  38 0002 62B6     		CPSIE   i
  39              	@ 0 "" 2
  17:main.c        ****      Right_Eyeball_Start();
  40              		.loc 1 17 0
ARM GAS  C:\Users\LENOVO\AppData\Local\Temp\cc8na4Sq.s 			page 2


  41              		.thumb
  42 0004 FFF7FEFF 		bl	Right_Eyeball_Start
  43              	.LVL0:
  44              	.L2:
  18:main.c        ****     for(;;)
  19:main.c        ****     {
  20:main.c        ****         LED_Write(1);
  45              		.loc 1 20 0 discriminator 1
  46 0008 0120     		movs	r0, #1
  47 000a FFF7FEFF 		bl	LED_Write
  48              	.LVL1:
  21:main.c        ****         CyDelay(10000);
  49              		.loc 1 21 0 discriminator 1
  50 000e 42F21070 		movw	r0, #10000
  51 0012 FFF7FEFF 		bl	CyDelay
  52              	.LVL2:
  22:main.c        ****         LED_Write(0);
  53              		.loc 1 22 0 discriminator 1
  54 0016 0020     		movs	r0, #0
  55 0018 FFF7FEFF 		bl	LED_Write
  56              	.LVL3:
  23:main.c        ****         CyDelay(10000);
  57              		.loc 1 23 0 discriminator 1
  58 001c 42F21070 		movw	r0, #10000
  59 0020 FFF7FEFF 		bl	CyDelay
  60              	.LVL4:
  24:main.c        ****    Right_Eyeball_WriteCompare1(1500);
  61              		.loc 1 24 0 discriminator 1
  62 0024 40F2DC50 		movw	r0, #1500
  63 0028 FFF7FEFF 		bl	Right_Eyeball_WriteCompare1
  64              	.LVL5:
  25:main.c        ****    Right_Eyeball_WriteCompare2(1500);
  65              		.loc 1 25 0 discriminator 1
  66 002c 40F2DC50 		movw	r0, #1500
  67 0030 FFF7FEFF 		bl	Right_Eyeball_WriteCompare2
  68              	.LVL6:
  26:main.c        **** CyDelay(1000);
  69              		.loc 1 26 0 discriminator 1
  70 0034 4FF47A70 		mov	r0, #1000
  71 0038 FFF7FEFF 		bl	CyDelay
  72              	.LVL7:
  27:main.c        ****    Right_Eyeball_WriteCompare1(6500);
  73              		.loc 1 27 0 discriminator 1
  74 003c 41F66410 		movw	r0, #6500
  75 0040 FFF7FEFF 		bl	Right_Eyeball_WriteCompare1
  76              	.LVL8:
  28:main.c        ****    Right_Eyeball_WriteCompare2(6500);
  77              		.loc 1 28 0 discriminator 1
  78 0044 41F66410 		movw	r0, #6500
  79 0048 FFF7FEFF 		bl	Right_Eyeball_WriteCompare2
  80              	.LVL9:
  29:main.c        ****     }
  81              		.loc 1 29 0 discriminator 1
  82 004c DCE7     		b	.L2
  83              		.cfi_endproc
  84              	.LFE63:
  85              		.size	main, .-main
ARM GAS  C:\Users\LENOVO\AppData\Local\Temp\cc8na4Sq.s 			page 3


  86 004e 00BF     		.text
  87              	.Letext0:
  88              		.file 2 "c:\\program files (x86)\\cypress\\psoc creator\\4.0\\psoc creator\\import\\gnu\\arm\\4.9.
  89              		.file 3 "c:\\program files (x86)\\cypress\\psoc creator\\4.0\\psoc creator\\import\\gnu\\arm\\4.9.
  90              		.file 4 "Generated_Source\\PSoC5/cytypes.h"
  91              		.file 5 "Generated_Source\\PSoC5/LED.h"
  92              		.file 6 "Generated_Source\\PSoC5/CyLib.h"
  93              		.file 7 "Generated_Source\\PSoC5/Right_Eyeball.h"
  94              		.file 8 "Generated_Source\\PSoC5/core_cm3.h"
  95              		.section	.debug_info,"",%progbits
  96              	.Ldebug_info0:
  97 0000 EE010000 		.4byte	0x1ee
  98 0004 0400     		.2byte	0x4
  99 0006 00000000 		.4byte	.Ldebug_abbrev0
 100 000a 04       		.byte	0x4
 101 000b 01       		.uleb128 0x1
 102 000c FD000000 		.4byte	.LASF21
 103 0010 01       		.byte	0x1
 104 0011 4B000000 		.4byte	.LASF22
 105 0015 5D000000 		.4byte	.LASF23
 106 0019 00000000 		.4byte	.Ldebug_ranges0+0
 107 001d 00000000 		.4byte	0
 108 0021 00000000 		.4byte	.Ldebug_line0
 109 0025 02       		.uleb128 0x2
 110 0026 01       		.byte	0x1
 111 0027 06       		.byte	0x6
 112 0028 C1010000 		.4byte	.LASF0
 113 002c 02       		.uleb128 0x2
 114 002d 01       		.byte	0x1
 115 002e 08       		.byte	0x8
 116 002f 8B010000 		.4byte	.LASF1
 117 0033 02       		.uleb128 0x2
 118 0034 02       		.byte	0x2
 119 0035 05       		.byte	0x5
 120 0036 DD010000 		.4byte	.LASF2
 121 003a 02       		.uleb128 0x2
 122 003b 02       		.byte	0x2
 123 003c 07       		.byte	0x7
 124 003d EA000000 		.4byte	.LASF3
 125 0041 03       		.uleb128 0x3
 126 0042 CD010000 		.4byte	.LASF9
 127 0046 02       		.byte	0x2
 128 0047 3F       		.byte	0x3f
 129 0048 4C000000 		.4byte	0x4c
 130 004c 02       		.uleb128 0x2
 131 004d 04       		.byte	0x4
 132 004e 05       		.byte	0x5
 133 004f 9E010000 		.4byte	.LASF4
 134 0053 02       		.uleb128 0x2
 135 0054 04       		.byte	0x4
 136 0055 07       		.byte	0x7
 137 0056 C1000000 		.4byte	.LASF5
 138 005a 02       		.uleb128 0x2
 139 005b 08       		.byte	0x8
 140 005c 05       		.byte	0x5
 141 005d 00000000 		.4byte	.LASF6
 142 0061 02       		.uleb128 0x2
ARM GAS  C:\Users\LENOVO\AppData\Local\Temp\cc8na4Sq.s 			page 4


 143 0062 08       		.byte	0x8
 144 0063 07       		.byte	0x7
 145 0064 D3000000 		.4byte	.LASF7
 146 0068 04       		.uleb128 0x4
 147 0069 04       		.byte	0x4
 148 006a 05       		.byte	0x5
 149 006b 696E7400 		.ascii	"int\000"
 150 006f 02       		.uleb128 0x2
 151 0070 04       		.byte	0x4
 152 0071 07       		.byte	0x7
 153 0072 22000000 		.4byte	.LASF8
 154 0076 03       		.uleb128 0x3
 155 0077 EE010000 		.4byte	.LASF10
 156 007b 03       		.byte	0x3
 157 007c 2C       		.byte	0x2c
 158 007d 41000000 		.4byte	0x41
 159 0081 05       		.uleb128 0x5
 160 0082 57000000 		.4byte	.LASF11
 161 0086 04       		.byte	0x4
 162 0087 9201     		.2byte	0x192
 163 0089 2C000000 		.4byte	0x2c
 164 008d 05       		.uleb128 0x5
 165 008e E7010000 		.4byte	.LASF12
 166 0092 04       		.byte	0x4
 167 0093 9301     		.2byte	0x193
 168 0095 3A000000 		.4byte	0x3a
 169 0099 05       		.uleb128 0x5
 170 009a 0E000000 		.4byte	.LASF13
 171 009e 04       		.byte	0x4
 172 009f 9401     		.2byte	0x194
 173 00a1 53000000 		.4byte	0x53
 174 00a5 02       		.uleb128 0x2
 175 00a6 04       		.byte	0x4
 176 00a7 04       		.byte	0x4
 177 00a8 D7010000 		.4byte	.LASF14
 178 00ac 02       		.uleb128 0x2
 179 00ad 08       		.byte	0x8
 180 00ae 04       		.byte	0x4
 181 00af A7010000 		.4byte	.LASF15
 182 00b3 02       		.uleb128 0x2
 183 00b4 01       		.byte	0x1
 184 00b5 08       		.byte	0x8
 185 00b6 99010000 		.4byte	.LASF16
 186 00ba 02       		.uleb128 0x2
 187 00bb 04       		.byte	0x4
 188 00bc 07       		.byte	0x7
 189 00bd AE010000 		.4byte	.LASF17
 190 00c1 06       		.uleb128 0x6
 191 00c2 52000000 		.4byte	.LASF24
 192 00c6 01       		.byte	0x1
 193 00c7 0E       		.byte	0xe
 194 00c8 68000000 		.4byte	0x68
 195 00cc 00000000 		.4byte	.LFB63
 196 00d0 4E000000 		.4byte	.LFE63-.LFB63
 197 00d4 01       		.uleb128 0x1
 198 00d5 9C       		.byte	0x9c
 199 00d6 99010000 		.4byte	0x199
ARM GAS  C:\Users\LENOVO\AppData\Local\Temp\cc8na4Sq.s 			page 5


 200 00da 07       		.uleb128 0x7
 201 00db 08000000 		.4byte	.LVL0
 202 00df AA010000 		.4byte	0x1aa
 203 00e3 08       		.uleb128 0x8
 204 00e4 0E000000 		.4byte	.LVL1
 205 00e8 B1010000 		.4byte	0x1b1
 206 00ec F6000000 		.4byte	0xf6
 207 00f0 09       		.uleb128 0x9
 208 00f1 01       		.uleb128 0x1
 209 00f2 50       		.byte	0x50
 210 00f3 01       		.uleb128 0x1
 211 00f4 31       		.byte	0x31
 212 00f5 00       		.byte	0
 213 00f6 08       		.uleb128 0x8
 214 00f7 16000000 		.4byte	.LVL2
 215 00fb C2010000 		.4byte	0x1c2
 216 00ff 0B010000 		.4byte	0x10b
 217 0103 09       		.uleb128 0x9
 218 0104 01       		.uleb128 0x1
 219 0105 50       		.byte	0x50
 220 0106 03       		.uleb128 0x3
 221 0107 0A       		.byte	0xa
 222 0108 1027     		.2byte	0x2710
 223 010a 00       		.byte	0
 224 010b 08       		.uleb128 0x8
 225 010c 1C000000 		.4byte	.LVL3
 226 0110 B1010000 		.4byte	0x1b1
 227 0114 1E010000 		.4byte	0x11e
 228 0118 09       		.uleb128 0x9
 229 0119 01       		.uleb128 0x1
 230 011a 50       		.byte	0x50
 231 011b 01       		.uleb128 0x1
 232 011c 30       		.byte	0x30
 233 011d 00       		.byte	0
 234 011e 08       		.uleb128 0x8
 235 011f 24000000 		.4byte	.LVL4
 236 0123 C2010000 		.4byte	0x1c2
 237 0127 33010000 		.4byte	0x133
 238 012b 09       		.uleb128 0x9
 239 012c 01       		.uleb128 0x1
 240 012d 50       		.byte	0x50
 241 012e 03       		.uleb128 0x3
 242 012f 0A       		.byte	0xa
 243 0130 1027     		.2byte	0x2710
 244 0132 00       		.byte	0
 245 0133 08       		.uleb128 0x8
 246 0134 2C000000 		.4byte	.LVL5
 247 0138 D3010000 		.4byte	0x1d3
 248 013c 48010000 		.4byte	0x148
 249 0140 09       		.uleb128 0x9
 250 0141 01       		.uleb128 0x1
 251 0142 50       		.byte	0x50
 252 0143 03       		.uleb128 0x3
 253 0144 0A       		.byte	0xa
 254 0145 DC05     		.2byte	0x5dc
 255 0147 00       		.byte	0
 256 0148 08       		.uleb128 0x8
ARM GAS  C:\Users\LENOVO\AppData\Local\Temp\cc8na4Sq.s 			page 6


 257 0149 34000000 		.4byte	.LVL6
 258 014d E4010000 		.4byte	0x1e4
 259 0151 5D010000 		.4byte	0x15d
 260 0155 09       		.uleb128 0x9
 261 0156 01       		.uleb128 0x1
 262 0157 50       		.byte	0x50
 263 0158 03       		.uleb128 0x3
 264 0159 0A       		.byte	0xa
 265 015a DC05     		.2byte	0x5dc
 266 015c 00       		.byte	0
 267 015d 08       		.uleb128 0x8
 268 015e 3C000000 		.4byte	.LVL7
 269 0162 C2010000 		.4byte	0x1c2
 270 0166 72010000 		.4byte	0x172
 271 016a 09       		.uleb128 0x9
 272 016b 01       		.uleb128 0x1
 273 016c 50       		.byte	0x50
 274 016d 03       		.uleb128 0x3
 275 016e 0A       		.byte	0xa
 276 016f E803     		.2byte	0x3e8
 277 0171 00       		.byte	0
 278 0172 08       		.uleb128 0x8
 279 0173 44000000 		.4byte	.LVL8
 280 0177 D3010000 		.4byte	0x1d3
 281 017b 87010000 		.4byte	0x187
 282 017f 09       		.uleb128 0x9
 283 0180 01       		.uleb128 0x1
 284 0181 50       		.byte	0x50
 285 0182 03       		.uleb128 0x3
 286 0183 0A       		.byte	0xa
 287 0184 6419     		.2byte	0x1964
 288 0186 00       		.byte	0
 289 0187 0A       		.uleb128 0xa
 290 0188 4C000000 		.4byte	.LVL9
 291 018c E4010000 		.4byte	0x1e4
 292 0190 09       		.uleb128 0x9
 293 0191 01       		.uleb128 0x1
 294 0192 50       		.byte	0x50
 295 0193 03       		.uleb128 0x3
 296 0194 0A       		.byte	0xa
 297 0195 6419     		.2byte	0x1964
 298 0197 00       		.byte	0
 299 0198 00       		.byte	0
 300 0199 0B       		.uleb128 0xb
 301 019a 15000000 		.4byte	.LASF25
 302 019e 08       		.byte	0x8
 303 019f 9606     		.2byte	0x696
 304 01a1 A5010000 		.4byte	0x1a5
 305 01a5 0C       		.uleb128 0xc
 306 01a6 76000000 		.4byte	0x76
 307 01aa 0D       		.uleb128 0xd
 308 01ab F6010000 		.4byte	.LASF26
 309 01af 07       		.byte	0x7
 310 01b0 92       		.byte	0x92
 311 01b1 0E       		.uleb128 0xe
 312 01b2 B7010000 		.4byte	.LASF18
 313 01b6 05       		.byte	0x5
ARM GAS  C:\Users\LENOVO\AppData\Local\Temp\cc8na4Sq.s 			page 7


 314 01b7 26       		.byte	0x26
 315 01b8 C2010000 		.4byte	0x1c2
 316 01bc 0F       		.uleb128 0xf
 317 01bd 81000000 		.4byte	0x81
 318 01c1 00       		.byte	0
 319 01c2 0E       		.uleb128 0xe
 320 01c3 9D000000 		.4byte	.LASF19
 321 01c7 06       		.byte	0x6
 322 01c8 76       		.byte	0x76
 323 01c9 D3010000 		.4byte	0x1d3
 324 01cd 0F       		.uleb128 0xf
 325 01ce 99000000 		.4byte	0x99
 326 01d2 00       		.byte	0
 327 01d3 0E       		.uleb128 0xe
 328 01d4 2F000000 		.4byte	.LASF20
 329 01d8 07       		.byte	0x7
 330 01d9 C7       		.byte	0xc7
 331 01da E4010000 		.4byte	0x1e4
 332 01de 0F       		.uleb128 0xf
 333 01df 8D000000 		.4byte	0x8d
 334 01e3 00       		.byte	0
 335 01e4 10       		.uleb128 0x10
 336 01e5 A5000000 		.4byte	.LASF27
 337 01e9 07       		.byte	0x7
 338 01ea CA       		.byte	0xca
 339 01eb 0F       		.uleb128 0xf
 340 01ec 8D000000 		.4byte	0x8d
 341 01f0 00       		.byte	0
 342 01f1 00       		.byte	0
 343              		.section	.debug_abbrev,"",%progbits
 344              	.Ldebug_abbrev0:
 345 0000 01       		.uleb128 0x1
 346 0001 11       		.uleb128 0x11
 347 0002 01       		.byte	0x1
 348 0003 25       		.uleb128 0x25
 349 0004 0E       		.uleb128 0xe
 350 0005 13       		.uleb128 0x13
 351 0006 0B       		.uleb128 0xb
 352 0007 03       		.uleb128 0x3
 353 0008 0E       		.uleb128 0xe
 354 0009 1B       		.uleb128 0x1b
 355 000a 0E       		.uleb128 0xe
 356 000b 55       		.uleb128 0x55
 357 000c 17       		.uleb128 0x17
 358 000d 11       		.uleb128 0x11
 359 000e 01       		.uleb128 0x1
 360 000f 10       		.uleb128 0x10
 361 0010 17       		.uleb128 0x17
 362 0011 00       		.byte	0
 363 0012 00       		.byte	0
 364 0013 02       		.uleb128 0x2
 365 0014 24       		.uleb128 0x24
 366 0015 00       		.byte	0
 367 0016 0B       		.uleb128 0xb
 368 0017 0B       		.uleb128 0xb
 369 0018 3E       		.uleb128 0x3e
 370 0019 0B       		.uleb128 0xb
ARM GAS  C:\Users\LENOVO\AppData\Local\Temp\cc8na4Sq.s 			page 8


 371 001a 03       		.uleb128 0x3
 372 001b 0E       		.uleb128 0xe
 373 001c 00       		.byte	0
 374 001d 00       		.byte	0
 375 001e 03       		.uleb128 0x3
 376 001f 16       		.uleb128 0x16
 377 0020 00       		.byte	0
 378 0021 03       		.uleb128 0x3
 379 0022 0E       		.uleb128 0xe
 380 0023 3A       		.uleb128 0x3a
 381 0024 0B       		.uleb128 0xb
 382 0025 3B       		.uleb128 0x3b
 383 0026 0B       		.uleb128 0xb
 384 0027 49       		.uleb128 0x49
 385 0028 13       		.uleb128 0x13
 386 0029 00       		.byte	0
 387 002a 00       		.byte	0
 388 002b 04       		.uleb128 0x4
 389 002c 24       		.uleb128 0x24
 390 002d 00       		.byte	0
 391 002e 0B       		.uleb128 0xb
 392 002f 0B       		.uleb128 0xb
 393 0030 3E       		.uleb128 0x3e
 394 0031 0B       		.uleb128 0xb
 395 0032 03       		.uleb128 0x3
 396 0033 08       		.uleb128 0x8
 397 0034 00       		.byte	0
 398 0035 00       		.byte	0
 399 0036 05       		.uleb128 0x5
 400 0037 16       		.uleb128 0x16
 401 0038 00       		.byte	0
 402 0039 03       		.uleb128 0x3
 403 003a 0E       		.uleb128 0xe
 404 003b 3A       		.uleb128 0x3a
 405 003c 0B       		.uleb128 0xb
 406 003d 3B       		.uleb128 0x3b
 407 003e 05       		.uleb128 0x5
 408 003f 49       		.uleb128 0x49
 409 0040 13       		.uleb128 0x13
 410 0041 00       		.byte	0
 411 0042 00       		.byte	0
 412 0043 06       		.uleb128 0x6
 413 0044 2E       		.uleb128 0x2e
 414 0045 01       		.byte	0x1
 415 0046 3F       		.uleb128 0x3f
 416 0047 19       		.uleb128 0x19
 417 0048 03       		.uleb128 0x3
 418 0049 0E       		.uleb128 0xe
 419 004a 3A       		.uleb128 0x3a
 420 004b 0B       		.uleb128 0xb
 421 004c 3B       		.uleb128 0x3b
 422 004d 0B       		.uleb128 0xb
 423 004e 27       		.uleb128 0x27
 424 004f 19       		.uleb128 0x19
 425 0050 49       		.uleb128 0x49
 426 0051 13       		.uleb128 0x13
 427 0052 11       		.uleb128 0x11
ARM GAS  C:\Users\LENOVO\AppData\Local\Temp\cc8na4Sq.s 			page 9


 428 0053 01       		.uleb128 0x1
 429 0054 12       		.uleb128 0x12
 430 0055 06       		.uleb128 0x6
 431 0056 40       		.uleb128 0x40
 432 0057 18       		.uleb128 0x18
 433 0058 9742     		.uleb128 0x2117
 434 005a 19       		.uleb128 0x19
 435 005b 01       		.uleb128 0x1
 436 005c 13       		.uleb128 0x13
 437 005d 00       		.byte	0
 438 005e 00       		.byte	0
 439 005f 07       		.uleb128 0x7
 440 0060 898201   		.uleb128 0x4109
 441 0063 00       		.byte	0
 442 0064 11       		.uleb128 0x11
 443 0065 01       		.uleb128 0x1
 444 0066 31       		.uleb128 0x31
 445 0067 13       		.uleb128 0x13
 446 0068 00       		.byte	0
 447 0069 00       		.byte	0
 448 006a 08       		.uleb128 0x8
 449 006b 898201   		.uleb128 0x4109
 450 006e 01       		.byte	0x1
 451 006f 11       		.uleb128 0x11
 452 0070 01       		.uleb128 0x1
 453 0071 31       		.uleb128 0x31
 454 0072 13       		.uleb128 0x13
 455 0073 01       		.uleb128 0x1
 456 0074 13       		.uleb128 0x13
 457 0075 00       		.byte	0
 458 0076 00       		.byte	0
 459 0077 09       		.uleb128 0x9
 460 0078 8A8201   		.uleb128 0x410a
 461 007b 00       		.byte	0
 462 007c 02       		.uleb128 0x2
 463 007d 18       		.uleb128 0x18
 464 007e 9142     		.uleb128 0x2111
 465 0080 18       		.uleb128 0x18
 466 0081 00       		.byte	0
 467 0082 00       		.byte	0
 468 0083 0A       		.uleb128 0xa
 469 0084 898201   		.uleb128 0x4109
 470 0087 01       		.byte	0x1
 471 0088 11       		.uleb128 0x11
 472 0089 01       		.uleb128 0x1
 473 008a 31       		.uleb128 0x31
 474 008b 13       		.uleb128 0x13
 475 008c 00       		.byte	0
 476 008d 00       		.byte	0
 477 008e 0B       		.uleb128 0xb
 478 008f 34       		.uleb128 0x34
 479 0090 00       		.byte	0
 480 0091 03       		.uleb128 0x3
 481 0092 0E       		.uleb128 0xe
 482 0093 3A       		.uleb128 0x3a
 483 0094 0B       		.uleb128 0xb
 484 0095 3B       		.uleb128 0x3b
ARM GAS  C:\Users\LENOVO\AppData\Local\Temp\cc8na4Sq.s 			page 10


 485 0096 05       		.uleb128 0x5
 486 0097 49       		.uleb128 0x49
 487 0098 13       		.uleb128 0x13
 488 0099 3F       		.uleb128 0x3f
 489 009a 19       		.uleb128 0x19
 490 009b 3C       		.uleb128 0x3c
 491 009c 19       		.uleb128 0x19
 492 009d 00       		.byte	0
 493 009e 00       		.byte	0
 494 009f 0C       		.uleb128 0xc
 495 00a0 35       		.uleb128 0x35
 496 00a1 00       		.byte	0
 497 00a2 49       		.uleb128 0x49
 498 00a3 13       		.uleb128 0x13
 499 00a4 00       		.byte	0
 500 00a5 00       		.byte	0
 501 00a6 0D       		.uleb128 0xd
 502 00a7 2E       		.uleb128 0x2e
 503 00a8 00       		.byte	0
 504 00a9 3F       		.uleb128 0x3f
 505 00aa 19       		.uleb128 0x19
 506 00ab 03       		.uleb128 0x3
 507 00ac 0E       		.uleb128 0xe
 508 00ad 3A       		.uleb128 0x3a
 509 00ae 0B       		.uleb128 0xb
 510 00af 3B       		.uleb128 0x3b
 511 00b0 0B       		.uleb128 0xb
 512 00b1 27       		.uleb128 0x27
 513 00b2 19       		.uleb128 0x19
 514 00b3 3C       		.uleb128 0x3c
 515 00b4 19       		.uleb128 0x19
 516 00b5 00       		.byte	0
 517 00b6 00       		.byte	0
 518 00b7 0E       		.uleb128 0xe
 519 00b8 2E       		.uleb128 0x2e
 520 00b9 01       		.byte	0x1
 521 00ba 3F       		.uleb128 0x3f
 522 00bb 19       		.uleb128 0x19
 523 00bc 03       		.uleb128 0x3
 524 00bd 0E       		.uleb128 0xe
 525 00be 3A       		.uleb128 0x3a
 526 00bf 0B       		.uleb128 0xb
 527 00c0 3B       		.uleb128 0x3b
 528 00c1 0B       		.uleb128 0xb
 529 00c2 27       		.uleb128 0x27
 530 00c3 19       		.uleb128 0x19
 531 00c4 3C       		.uleb128 0x3c
 532 00c5 19       		.uleb128 0x19
 533 00c6 01       		.uleb128 0x1
 534 00c7 13       		.uleb128 0x13
 535 00c8 00       		.byte	0
 536 00c9 00       		.byte	0
 537 00ca 0F       		.uleb128 0xf
 538 00cb 05       		.uleb128 0x5
 539 00cc 00       		.byte	0
 540 00cd 49       		.uleb128 0x49
 541 00ce 13       		.uleb128 0x13
ARM GAS  C:\Users\LENOVO\AppData\Local\Temp\cc8na4Sq.s 			page 11


 542 00cf 00       		.byte	0
 543 00d0 00       		.byte	0
 544 00d1 10       		.uleb128 0x10
 545 00d2 2E       		.uleb128 0x2e
 546 00d3 01       		.byte	0x1
 547 00d4 3F       		.uleb128 0x3f
 548 00d5 19       		.uleb128 0x19
 549 00d6 03       		.uleb128 0x3
 550 00d7 0E       		.uleb128 0xe
 551 00d8 3A       		.uleb128 0x3a
 552 00d9 0B       		.uleb128 0xb
 553 00da 3B       		.uleb128 0x3b
 554 00db 0B       		.uleb128 0xb
 555 00dc 27       		.uleb128 0x27
 556 00dd 19       		.uleb128 0x19
 557 00de 3C       		.uleb128 0x3c
 558 00df 19       		.uleb128 0x19
 559 00e0 00       		.byte	0
 560 00e1 00       		.byte	0
 561 00e2 00       		.byte	0
 562              		.section	.debug_aranges,"",%progbits
 563 0000 1C000000 		.4byte	0x1c
 564 0004 0200     		.2byte	0x2
 565 0006 00000000 		.4byte	.Ldebug_info0
 566 000a 04       		.byte	0x4
 567 000b 00       		.byte	0
 568 000c 0000     		.2byte	0
 569 000e 0000     		.2byte	0
 570 0010 00000000 		.4byte	.LFB63
 571 0014 4E000000 		.4byte	.LFE63-.LFB63
 572 0018 00000000 		.4byte	0
 573 001c 00000000 		.4byte	0
 574              		.section	.debug_ranges,"",%progbits
 575              	.Ldebug_ranges0:
 576 0000 00000000 		.4byte	.LFB63
 577 0004 4E000000 		.4byte	.LFE63
 578 0008 00000000 		.4byte	0
 579 000c 00000000 		.4byte	0
 580              		.section	.debug_line,"",%progbits
 581              	.Ldebug_line0:
 582 0000 B7010000 		.section	.debug_str,"MS",%progbits,1
 582      02006E01 
 582      00000201 
 582      FB0E0D00 
 582      01010101 
 583              	.LASF6:
 584 0000 6C6F6E67 		.ascii	"long long int\000"
 584      206C6F6E 
 584      6720696E 
 584      7400
 585              	.LASF13:
 586 000e 75696E74 		.ascii	"uint32\000"
 586      333200
 587              	.LASF25:
 588 0015 49544D5F 		.ascii	"ITM_RxBuffer\000"
 588      52784275 
 588      66666572 
ARM GAS  C:\Users\LENOVO\AppData\Local\Temp\cc8na4Sq.s 			page 12


 588      00
 589              	.LASF8:
 590 0022 756E7369 		.ascii	"unsigned int\000"
 590      676E6564 
 590      20696E74 
 590      00
 591              	.LASF20:
 592 002f 52696768 		.ascii	"Right_Eyeball_WriteCompare1\000"
 592      745F4579 
 592      6562616C 
 592      6C5F5772 
 592      69746543 
 593              	.LASF22:
 594 004b 6D61696E 		.ascii	"main.c\000"
 594      2E6300
 595              	.LASF24:
 596 0052 6D61696E 		.ascii	"main\000"
 596      00
 597              	.LASF11:
 598 0057 75696E74 		.ascii	"uint8\000"
 598      3800
 599              	.LASF23:
 600 005d 433A5C55 		.ascii	"C:\\Users\\LENOVO\\Desktop\\564\\PSoc\\Workspace01\\"
 600      73657273 
 600      5C4C454E 
 600      4F564F5C 
 600      4465736B 
 601 008a 526F626F 		.ascii	"RobotDesign2.cydsn\000"
 601      74446573 
 601      69676E32 
 601      2E637964 
 601      736E00
 602              	.LASF19:
 603 009d 43794465 		.ascii	"CyDelay\000"
 603      6C617900 
 604              	.LASF27:
 605 00a5 52696768 		.ascii	"Right_Eyeball_WriteCompare2\000"
 605      745F4579 
 605      6562616C 
 605      6C5F5772 
 605      69746543 
 606              	.LASF5:
 607 00c1 6C6F6E67 		.ascii	"long unsigned int\000"
 607      20756E73 
 607      69676E65 
 607      6420696E 
 607      7400
 608              	.LASF7:
 609 00d3 6C6F6E67 		.ascii	"long long unsigned int\000"
 609      206C6F6E 
 609      6720756E 
 609      7369676E 
 609      65642069 
 610              	.LASF3:
 611 00ea 73686F72 		.ascii	"short unsigned int\000"
 611      7420756E 
 611      7369676E 
ARM GAS  C:\Users\LENOVO\AppData\Local\Temp\cc8na4Sq.s 			page 13


 611      65642069 
 611      6E7400
 612              	.LASF21:
 613 00fd 474E5520 		.ascii	"GNU C 4.9.3 20150303 (release) [ARM/embedded-4_9-br"
 613      4320342E 
 613      392E3320 
 613      32303135 
 613      30333033 
 614 0130 616E6368 		.ascii	"anch revision 221220] -mcpu=cortex-m3 -mthumb -g -O"
 614      20726576 
 614      6973696F 
 614      6E203232 
 614      31323230 
 615 0163 67202D66 		.ascii	"g -ffunction-sections -ffat-lto-objects\000"
 615      66756E63 
 615      74696F6E 
 615      2D736563 
 615      74696F6E 
 616              	.LASF1:
 617 018b 756E7369 		.ascii	"unsigned char\000"
 617      676E6564 
 617      20636861 
 617      7200
 618              	.LASF16:
 619 0199 63686172 		.ascii	"char\000"
 619      00
 620              	.LASF4:
 621 019e 6C6F6E67 		.ascii	"long int\000"
 621      20696E74 
 621      00
 622              	.LASF15:
 623 01a7 646F7562 		.ascii	"double\000"
 623      6C6500
 624              	.LASF17:
 625 01ae 73697A65 		.ascii	"sizetype\000"
 625      74797065 
 625      00
 626              	.LASF18:
 627 01b7 4C45445F 		.ascii	"LED_Write\000"
 627      57726974 
 627      6500
 628              	.LASF0:
 629 01c1 7369676E 		.ascii	"signed char\000"
 629      65642063 
 629      68617200 
 630              	.LASF9:
 631 01cd 5F5F696E 		.ascii	"__int32_t\000"
 631      7433325F 
 631      7400
 632              	.LASF14:
 633 01d7 666C6F61 		.ascii	"float\000"
 633      7400
 634              	.LASF2:
 635 01dd 73686F72 		.ascii	"short int\000"
 635      7420696E 
 635      7400
 636              	.LASF12:
ARM GAS  C:\Users\LENOVO\AppData\Local\Temp\cc8na4Sq.s 			page 14


 637 01e7 75696E74 		.ascii	"uint16\000"
 637      313600
 638              	.LASF10:
 639 01ee 696E7433 		.ascii	"int32_t\000"
 639      325F7400 
 640              	.LASF26:
 641 01f6 52696768 		.ascii	"Right_Eyeball_Start\000"
 641      745F4579 
 641      6562616C 
 641      6C5F5374 
 641      61727400 
 642              		.ident	"GCC: (GNU Tools for ARM Embedded Processors) 4.9.3 20150303 (release) [ARM/embedded-4_9-br
